<?xml version="1.0" encoding="UTF-8"?>
<testng-results skipped="0" failed="0" total="1" passed="1">
  <reporter-output>
  </reporter-output>
  <suite name="Suite" duration-ms="15931" started-at="2019-06-06T11:49:53Z" finished-at="2019-06-06T11:50:09Z">
    <groups>
    </groups>
    <test name="Test" duration-ms="15931" started-at="2019-06-06T11:49:53Z" finished-at="2019-06-06T11:50:09Z">
      <class name="Mavenproject.Demo1">
        <test-method status="PASS" signature="reunit()[pri:0, instance:Mavenproject.Demo1@1b0375b3]" name="reunit" duration-ms="15901" started-at="2019-06-06T17:19:53Z" finished-at="2019-06-06T17:20:09Z">
          <reporter-output>
          </reporter-output>
        </test-method> <!-- reunit -->
      </class> <!-- Mavenproject.Demo1 -->
    </test> <!-- Test -->
  </suite> <!-- Suite -->
</testng-results>
